<html>
<body>
<pre>
<h1>Vision Build Log</h1>
<h2>Project:</h2>
E:\Singlechip_files\Keyscan_self\Keyscan_self_asm.uvproj
Project File Date:  05/15/2020

<h2>Output:</h2>
Build target '目标 1'
assembling Keyscan_self_asm.asm...
Keyscan_self_asm.asm(35): error A9: SYNTAX ERROR
Keyscan_self_asm.asm(35): error A9: SYNTAX ERROR
目标未创建
Build target '目标 1'
assembling Keyscan_self_asm.asm...
Keyscan_self_asm.asm(35): error A9: SYNTAX ERROR
Keyscan_self_asm.asm(35): error A9: SYNTAX ERROR
目标未创建
Build target '目标 1'
assembling Keyscan_self_asm.asm...
Keyscan_self_asm.asm(35): error A9: SYNTAX ERROR
Keyscan_self_asm.asm(35): error A9: SYNTAX ERROR
目标未创建
Build target '目标 1'
assembling Keyscan_self_asm.asm...
Keyscan_self_asm.asm(35): error A9: SYNTAX ERROR
Keyscan_self_asm.asm(35): error A9: SYNTAX ERROR
目标未创建
Build target '目标 1'
assembling Keyscan_self_asm.asm...
Keyscan_self_asm.asm(35): error A9: SYNTAX ERROR
Keyscan_self_asm.asm(35): error A9: SYNTAX ERROR
目标未创建
Build target '目标 1'
assembling Keyscan_self_asm.asm...
linking...
Program Size: data=8.0 xdata=0 code=305
creating hex file from "Keyscan_self_asm"...
"Keyscan_self_asm" - 0 Error(s), 0 Warning(s).
Build target '目标 1'
assembling Keyscan_self_asm.asm...
linking...
Program Size: data=8.0 xdata=0 code=306
creating hex file from "Keyscan_self_asm"...
"Keyscan_self_asm" - 0 Error(s), 0 Warning(s).
Build target '目标 1'
assembling Keyscan_self_asm.asm...
linking...
Program Size: data=8.0 xdata=0 code=306
creating hex file from "Keyscan_self_asm"...
"Keyscan_self_asm" - 0 Error(s), 0 Warning(s).
Build target '目标 1'
assembling Keyscan_self_asm.asm...
linking...
Program Size: data=8.0 xdata=0 code=306
creating hex file from "Keyscan_self_asm"...
"Keyscan_self_asm" - 0 Error(s), 0 Warning(s).
Build target '目标 1'
assembling Keyscan_self_asm.asm...
linking...
Program Size: data=8.0 xdata=0 code=306
creating hex file from "Keyscan_self_asm"...
"Keyscan_self_asm" - 0 Error(s), 0 Warning(s).
Build target '目标 1'
assembling Keyscan_self_asm.asm...
linking...
Program Size: data=8.0 xdata=0 code=306
creating hex file from "Keyscan_self_asm"...
"Keyscan_self_asm" - 0 Error(s), 0 Warning(s).
Build target '目标 1'
assembling Keyscan_self_asm.asm...
linking...
Program Size: data=8.0 xdata=0 code=309
creating hex file from "Keyscan_self_asm"...
"Keyscan_self_asm" - 0 Error(s), 0 Warning(s).
Build target '目标 1'
assembling Keyscan_self_asm.asm...
Keyscan_self_asm.asm(18): error A45: UNDEFINED SYMBOL (PASS-2)
Keyscan_self_asm.asm(55): error A9: SYNTAX ERROR
Keyscan_self_asm.asm(66): error A8: ATTEMPT TO DEFINE AN ALREADY DEFINED LABEL
Keyscan_self_asm.asm(67): error A8: ATTEMPT TO DEFINE AN ALREADY DEFINED LABEL
Keyscan_self_asm.asm(68): error A8: ATTEMPT TO DEFINE AN ALREADY DEFINED LABEL
目标未创建
Build target '目标 1'
assembling Keyscan_self_asm.asm...
Keyscan_self_asm.asm(18): error A45: UNDEFINED SYMBOL (PASS-2)
Keyscan_self_asm.asm(55): error A9: SYNTAX ERROR
目标未创建
Build target '目标 1'
assembling Keyscan_self_asm.asm...
Keyscan_self_asm.asm(55): error A9: SYNTAX ERROR
目标未创建
Build target '目标 1'
assembling Keyscan_self_asm.asm...
linking...
Program Size: data=8.0 xdata=0 code=326
creating hex file from "Keyscan_self_asm"...
"Keyscan_self_asm" - 0 Error(s), 0 Warning(s).
Build target '目标 1'
assembling Keyscan_self_asm.asm...
linking...
Program Size: data=8.0 xdata=0 code=326
creating hex file from "Keyscan_self_asm"...
"Keyscan_self_asm" - 0 Error(s), 0 Warning(s).
Build target '目标 1'
assembling Keyscan_self_asm.asm...
linking...
Program Size: data=8.0 xdata=0 code=313
creating hex file from "Keyscan_self_asm"...
"Keyscan_self_asm" - 0 Error(s), 0 Warning(s).
